This is pdfTeX, Version 3.141592653-2.6-1.40.29 (TeX Live 2026) (preloaded format=pdflatex 2026.3.28)  2 MAY 2026 02:15
entering extended mode
 restricted \write18 enabled.
 %&-line parsing enabled.
**main.tex
(./main.tex
LaTeX2e <2025-11-01>
L3 programming layer <2026-01-19>
(/usr/local/texlive/2026/texmf-dist/tex/latex/base/article.cls
Document Class: article 2025/01/22 v1.4n Standard LaTeX document class
(/usr/local/texlive/2026/texmf-dist/tex/latex/base/size12.clo
File: size12.clo 2025/01/22 v1.4n Standard LaTeX file (size option)
)
\c@part=\count275
\c@section=\count276
\c@subsection=\count277
\c@subsubsection=\count278
\c@paragraph=\count279
\c@subparagraph=\count280
\c@figure=\count281
\c@table=\count282
\abovecaptionskip=\skip49
\belowcaptionskip=\skip50
\bibindent=\dimen148
)
(/usr/local/texlive/2026/texmf-dist/tex/latex/geometry/geometry.sty
Package: geometry 2026/03/07 v6.0 Page Geometry

(/usr/local/texlive/2026/texmf-dist/tex/latex/graphics/keyval.sty
Package: keyval 2022/05/29 v1.15 key=value parser (DPC)
\KV@toks@=\toks17
)
(/usr/local/texlive/2026/texmf-dist/tex/generic/iftex/ifvtex.sty
Package: ifvtex 2019/10/25 v1.7 ifvtex legacy package. Use iftex instead.

(/usr/local/texlive/2026/texmf-dist/tex/generic/iftex/iftex.sty
Package: iftex 2024/12/12 v1.0g TeX engine tests
))
\Gm@cnth=\count283
\Gm@cntv=\count284
\c@Gm@tempcnt=\count285
\Gm@bindingoffset=\dimen149
\Gm@wd@mp=\dimen150
\Gm@odd@mp=\dimen151
\Gm@even@mp=\dimen152
\Gm@layoutwidth=\dimen153
\Gm@layoutheight=\dimen154
\Gm@layouthoffset=\dimen155
\Gm@layoutvoffset=\dimen156
\Gm@dimlist=\toks18
)
(/usr/local/texlive/2026/texmf-dist/tex/latex/natbib/natbib.sty
Package: natbib 2010/09/13 8.31b (PWD, AO)
\bibhang=\skip51
\bibsep=\skip52
LaTeX Info: Redefining \cite on input line 694.
\c@NAT@ctr=\count286
)
(/usr/local/texlive/2026/texmf-dist/tex/latex/amsmath/amsmath.sty
Package: amsmath 2025/07/09 v2.17z AMS math features
\@mathmargin=\skip53

For additional information on amsmath, use the `?' option.
(/usr/local/texlive/2026/texmf-dist/tex/latex/amsmath/amstext.sty
Package: amstext 2024/11/17 v2.01 AMS text

(/usr/local/texlive/2026/texmf-dist/tex/latex/amsmath/amsgen.sty
File: amsgen.sty 1999/11/30 v2.0 generic functions
\@emptytoks=\toks19
\ex@=\dimen157
))
(/usr/local/texlive/2026/texmf-dist/tex/latex/amsmath/amsbsy.sty
Package: amsbsy 1999/11/29 v1.2d Bold Symbols
\pmbraise@=\dimen158
)
(/usr/local/texlive/2026/texmf-dist/tex/latex/amsmath/amsopn.sty
Package: amsopn 2022/04/08 v2.04 operator names
)
\inf@bad=\count287
LaTeX Info: Redefining \frac on input line 233.
\uproot@=\count288
\leftroot@=\count289
LaTeX Info: Redefining \overline on input line 398.
LaTeX Info: Redefining \colon on input line 409.
\classnum@=\count290
\DOTSCASE@=\count291
LaTeX Info: Redefining \ldots on input line 495.
LaTeX Info: Redefining \dots on input line 498.
LaTeX Info: Redefining \cdots on input line 619.
\Mathstrutbox@=\box53
\strutbox@=\box54
LaTeX Info: Redefining \big on input line 721.
LaTeX Info: Redefining \Big on input line 722.
LaTeX Info: Redefining \bigg on input line 723.
LaTeX Info: Redefining \Bigg on input line 724.
\big@size=\dimen159
LaTeX Font Info:    Redeclaring font encoding OML on input line 742.
LaTeX Font Info:    Redeclaring font encoding OMS on input line 743.
\macc@depth=\count292
LaTeX Info: Redefining \bmod on input line 904.
LaTeX Info: Redefining \pmod on input line 909.
LaTeX Info: Redefining \smash on input line 939.
LaTeX Info: Redefining \relbar on input line 969.
LaTeX Info: Redefining \Relbar on input line 970.
\c@MaxMatrixCols=\count293
\dotsspace@=\muskip17
\c@parentequation=\count294
\dspbrk@lvl=\count295
\tag@help=\toks20
\row@=\count296
\column@=\count297
\maxfields@=\count298
\andhelp@=\toks21
\eqnshift@=\dimen160
\alignsep@=\dimen161
\tagshift@=\dimen162
\tagwidth@=\dimen163
\totwidth@=\dimen164
\lineht@=\dimen165
\@envbody=\toks22
\multlinegap=\skip54
\multlinetaggap=\skip55
\mathdisplay@stack=\toks23
LaTeX Info: Redefining \[ on input line 2950.
LaTeX Info: Redefining \] on input line 2951.
)
(/usr/local/texlive/2026/texmf-dist/tex/latex/amsfonts/amssymb.sty
Package: amssymb 2013/01/14 v3.01 AMS font symbols

(/usr/local/texlive/2026/texmf-dist/tex/latex/amsfonts/amsfonts.sty
Package: amsfonts 2013/01/14 v3.01 Basic AMSFonts support
\symAMSa=\mathgroup4
\symAMSb=\mathgroup5
LaTeX Font Info:    Redeclaring math symbol \hbar on input line 98.
LaTeX Font Info:    Overwriting math alphabet `\mathfrak' in version `bold'
(Font)                  U/euf/m/n --> U/euf/b/n on input line 106.
))
(/usr/local/texlive/2026/texmf-dist/tex/latex/tools/bm.sty
Package: bm 2025/10/21 v1.2g Bold Symbol Support (DPC/FMi)
\symboldoperators=\mathgroup6
\symboldletters=\mathgroup7
\symboldsymbols=\mathgroup8
Package bm Info: No bold for \OMX/cmex/m/n, using \pmb.
Package bm Info: No bold for \U/msa/m/n, using \pmb.
Package bm Info: No bold for \U/msb/m/n, using \pmb.
LaTeX Font Info:    Redeclaring math alphabet \mathbf on input line 149.
)
(/usr/local/texlive/2026/texmf-dist/tex/latex/setspace/setspace.sty
Package: setspace 2022/12/04 v6.7b set line spacing
)
(/usr/local/texlive/2026/texmf-dist/tex/latex/xcolor/xcolor.sty
Package: xcolor 2024/09/29 v3.02 LaTeX color extensions (UK)

(/usr/local/texlive/2026/texmf-dist/tex/latex/graphics-cfg/color.cfg
File: color.cfg 2016/01/02 v1.6 sample color configuration
)
Package xcolor Info: Driver file: pdftex.def on input line 274.

(/usr/local/texlive/2026/texmf-dist/tex/latex/graphics-def/pdftex.def
File: pdftex.def 2025/09/29 v1.2d Graphics/color driver for pdftex
)
(/usr/local/texlive/2026/texmf-dist/tex/latex/graphics/mathcolor.ltx)
Package xcolor Info: Model `cmy' substituted by `cmy0' on input line 1349.
Package xcolor Info: Model `hsb' substituted by `rgb' on input line 1353.
Package xcolor Info: Model `RGB' extended on input line 1365.
Package xcolor Info: Model `HTML' substituted by `rgb' on input line 1367.
Package xcolor Info: Model `Hsb' substituted by `hsb' on input line 1368.
Package xcolor Info: Model `tHsb' substituted by `hsb' on input line 1369.
Package xcolor Info: Model `HSB' substituted by `hsb' on input line 1370.
Package xcolor Info: Model `Gray' substituted by `gray' on input line 1371.
Package xcolor Info: Model `wave' substituted by `hsb' on input line 1372.
)
(/usr/local/texlive/2026/texmf-dist/tex/latex/tools/longtable.sty
Package: longtable 2025-10-13 v4.24 Multi-page Table package (DPC)
\LTleft=\skip56
\LTright=\skip57
\LTpre=\skip58
\LTpost=\skip59
\LTchunksize=\count299
\LTcapwidth=\dimen166
\LT@head=\box55
\LT@firsthead=\box56
\LT@foot=\box57
\LT@lastfoot=\box58
\LT@gbox=\box59
\LT@cols=\count300
\LT@rows=\count301
\c@LT@tables=\count302
\c@LT@chunks=\count303
\LT@p@ftn=\toks24
)
(/usr/local/texlive/2026/texmf-dist/tex/latex/booktabs/booktabs.sty
Package: booktabs 2020/01/12 v1.61803398 Publication quality tables
\heavyrulewidth=\dimen167
\lightrulewidth=\dimen168
\cmidrulewidth=\dimen169
\belowrulesep=\dimen170
\belowbottomsep=\dimen171
\aboverulesep=\dimen172
\abovetopsep=\dimen173
\cmidrulesep=\dimen174
\cmidrulekern=\dimen175
\defaultaddspace=\dimen176
\@cmidla=\count304
\@cmidlb=\count305
\@aboverulesep=\dimen177
\@belowrulesep=\dimen178
\@thisruleclass=\count306
\@lastruleclass=\count307
\@thisrulewidth=\dimen179
)
(/usr/local/texlive/2026/texmf-dist/tex/latex/tools/array.sty
Package: array 2025/09/25 v2.6n Tabular extension package (FMi)
\col@sep=\dimen180
\ar@mcellbox=\box60
\extrarowheight=\dimen181
\NC@list=\toks25
\extratabsurround=\skip60
\backup@length=\skip61
\ar@cellbox=\box61
)
(/usr/local/texlive/2026/texmf-dist/tex/latex/l3backend/l3backend-pdftex.def
File: l3backend-pdftex.def 2025-10-09 L3 backend support: PDF output (pdfTeX)
\l__color_backend_stack_int=\count308
)
(./main.aux)
\openout1 = `main.aux'.

LaTeX Font Info:    Checking defaults for OML/cmm/m/it on input line 18.
LaTeX Font Info:    ... okay on input line 18.
LaTeX Font Info:    Checking defaults for OMS/cmsy/m/n on input line 18.
LaTeX Font Info:    ... okay on input line 18.
LaTeX Font Info:    Checking defaults for OT1/cmr/m/n on input line 18.
LaTeX Font Info:    ... okay on input line 18.
LaTeX Font Info:    Checking defaults for T1/cmr/m/n on input line 18.
LaTeX Font Info:    ... okay on input line 18.
LaTeX Font Info:    Checking defaults for TS1/cmr/m/n on input line 18.
LaTeX Font Info:    ... okay on input line 18.
LaTeX Font Info:    Checking defaults for OMX/cmex/m/n on input line 18.
LaTeX Font Info:    ... okay on input line 18.
LaTeX Font Info:    Checking defaults for U/cmr/m/n on input line 18.
LaTeX Font Info:    ... okay on input line 18.

*geometry* driver: auto-detecting
*geometry* detected driver: pdftex
*geometry* verbose mode - [ preamble ] result:
* driver: pdftex
* paper: <default>
* layout: <same size as paper>
* layoutoffset:(h,v)=(0.0pt,0.0pt)
* modes: 
* h-part:(L,W,R)=(56.9055pt, 500.484pt, 56.9055pt)
* v-part:(T,H,B)=(56.9055pt, 681.15898pt, 56.9055pt)
* \paperwidth=614.295pt
* \paperheight=794.96999pt
* \textwidth=500.484pt
* \textheight=681.15898pt
* \oddsidemargin=-15.36449pt
* \evensidemargin=-15.36449pt
* \topmargin=-52.36449pt
* \headheight=12.0pt
* \headsep=25.0pt
* \topskip=12.0pt
* \footskip=30.0pt
* \marginparwidth=44.0pt
* \marginparsep=10.0pt
* \columnsep=10.0pt
* \skip\footins=10.8pt plus 4.0pt minus 2.0pt
* \hoffset=0.0pt
* \voffset=0.0pt
* \mag=1000
* \@twocolumnfalse
* \@twosidefalse
* \@mparswitchfalse
* \@reversemarginfalse
* (1in=72.27pt=25.4mm, 1cm=28.453pt)

(/usr/local/texlive/2026/texmf-dist/tex/context/base/mkii/supp-pdf.mkii
[Loading MPS to PDF converter (version 2006.09.02).]
\scratchcounter=\count309
\scratchdimen=\dimen182
\scratchbox=\box62
\nofMPsegments=\count310
\nofMParguments=\count311
\everyMPshowfont=\toks26
\MPscratchCnt=\count312
\MPscratchDim=\dimen183
\MPnumerator=\count313
\makeMPintoPDFobject=\count314
\everyMPtoPDFconversion=\toks27
) [1

{/usr/local/texlive/2026/texmf-var/fonts/map/pdftex/updmap/pdftex.map}]
[2] [3] [4]
LaTeX Font Info:    Trying to load font information for U+msa on input line 265
.
 (/usr/local/texlive/2026/texmf-dist/tex/latex/amsfonts/umsa.fd
File: umsa.fd 2013/01/14 v3.01 AMS symbols A
)
LaTeX Font Info:    Trying to load font information for U+msb on input line 265
.

(/usr/local/texlive/2026/texmf-dist/tex/latex/amsfonts/umsb.fd
File: umsb.fd 2013/01/14 v3.01 AMS symbols B
) [5] [6]
[7] [8] [9]
Underfull \hbox (badness 7221) in paragraph at lines 521--521
[]|\OT1/cmr/m/n/12 Taiwan macroe-
 []


Underfull \hbox (badness 7851) in paragraph at lines 522--524
[]|\OT1/cmr/m/n/12 Industrial pro-duc-tion, man-u-fac-tur-ing
 []


Underfull \hbox (badness 7308) in paragraph at lines 525--526
[]|\OT1/cmr/m/n/12 DGBAS, MOEA, MOF,
 []


Underfull \hbox (badness 2698) in paragraph at lines 527--527
[]|\OT1/cmr/m/n/12 Taiwan fi-nan-cial
 []


Underfull \hbox (badness 10000) in paragraph at lines 528--529
[]|\OT1/cmr/m/n/12 Overnight in-ter-bank rate, 10-year
 []


Underfull \hbox (badness 1565) in paragraph at lines 528--529
\OT1/cmr/m/n/12 gov-ern-ment bond yield, term spread,
 []


Underfull \hbox (badness 1755) in paragraph at lines 532--532
[]|\OT1/cmr/m/n/12 Unclassified Tai-
 []


Underfull \hbox (badness 1303) in paragraph at lines 533--534
\OT1/cmr/m/n/12 rate volatil-ity, real ef-fec-tive ex-change
 []


Underfull \hbox (badness 10000) in paragraph at lines 537--537
[]|\OT1/cmr/m/n/12 External vari-
 []


Underfull \hbox (badness 4108) in paragraph at lines 541--542
[]|\OT1/cmr/m/n/12 FRED, NBS/PBoC-based
 []


Underfull \hbox (badness 10000) in paragraph at lines 541--542
\OT1/cmr/m/n/12 sources, Pol-i-cyUncer-
 []

[10] [11]
Underfull \hbox (badness 4518) in paragraph at lines 634--634
[]|\OT1/cmr/m/n/12 Finalize the es-ti-ma-tion dataset
 []


Underfull \hbox (badness 10000) in paragraph at lines 634--634
\OT1/cmr/m/n/12 from the com-pleted raw-data
 []


Underfull \hbox (badness 10000) in paragraph at lines 635--636
[]|\OT1/cmr/m/n/12 Balanced panel, code-book,
 []


Underfull \hbox (badness 10000) in paragraph at lines 647--649
[]|\OT1/cmr/m/n/12 Classification plots, im-pulse
 []


Underfull \hbox (badness 1824) in paragraph at lines 647--649
\OT1/cmr/m/n/12 re-sponses, vari-ance de-com-po-si-
 []

[12] [13]
Underfull \hbox (badness 10000) in paragraph at lines 776--776
[]|\OT1/cmr/m/n/12 Collateral or risk-
 []


Underfull \hbox (badness 1052) in paragraph at lines 777--777
\OT1/cmr/m/n/12 from un-cer-tainty risk cor-rec-
 []


Underfull \hbox (badness 6741) in paragraph at lines 784--784
[]|\OT1/cmr/m/n/12 SOE input-finance or
 []


Underfull \hbox (badness 10000) in paragraph at lines 785--785
[]|\OT1/cmr/m/n/12 Imported-input fi-nance,
 []


Underfull \hbox (badness 10000) in paragraph at lines 785--785
\OT1/cmr/m/n/12 exchange-rate move-ments,
 []


Underfull \hbox (badness 10000) in paragraph at lines 786--787
[]|\OT1/cmr/m/n/12 Efficiency or external-
 []

[14] [15]
Underfull \hbox (badness 7064) in paragraph at lines 858--859
[]|\OT1/cmr/m/n/12 Formal the-o-rem, proof, and
 []


Underfull \hbox (badness 10000) in paragraph at lines 862--863
[]|\OT1/cmr/m/n/12 Investment-wedge and labor-
 []


Underfull \hbox (badness 10000) in paragraph at lines 866--867
[]|\OT1/cmr/m/n/12 State-dependence, asym-me-try,
 []


Underfull \hbox (badness 10000) in paragraph at lines 870--871
[]|\OT1/cmr/m/n/12 Validated the-o-ret-i-cal ap-
 []


Underfull \hbox (badness 2426) in paragraph at lines 870--871
\OT1/cmr/m/n/12 pendix and stan-dalone the-ory
 []

[16] [17] [18]
Underfull \hbox (badness 10000) in paragraph at lines 1063--1064
[]|\OT1/cmr/m/n/12 Matched uncertainty-wedge
 []


Underfull \hbox (badness 10000) in paragraph at lines 1063--1064
\OT1/cmr/m/n/12 dataset and pos-te-rior shock
 []


Underfull \hbox (badness 10000) in paragraph at lines 1066--1066
[]|\OT1/cmr/m/n/12 Estimate MCMC-integrated
 []


Underfull \hbox (badness 2042) in paragraph at lines 1070--1070
[]|\OT1/cmr/m/n/12 Test struc-tural mech-a-nisms and
 []


Underfull \hbox (badness 2401) in paragraph at lines 1071--1072
[]|\OT1/cmr/m/n/12 Mechanism com-par-i-son, pol-icy
 []

[19] [20] [21]
Underfull \hbox (badness 3965) in paragraph at lines 1171--1173
[]|\OT1/cmr/m/n/12 Monthly dataset, OI-SVMVAR
 []


Underfull \hbox (badness 10000) in paragraph at lines 1171--1173
\OT1/cmr/m/n/12 es-ti-mates, un-cer-tainty fac-tors,
 []


Underfull \hbox (badness 10000) in paragraph at lines 1181--1183
[]|\OT1/cmr/m/n/12 Taiwan BCA wedge dataset,
 []


Underfull \hbox (badness 4193) in paragraph at lines 1181--1183
\OT1/cmr/m/n/12 MCMC-integrated lo-cal pro-jec-
 []


Underfull \hbox (badness 10000) in paragraph at lines 1181--1183
\OT1/cmr/m/n/12 tions, mech-a-nism com-par-i-son,
 []


Underfull \hbox (badness 3068) in paragraph at lines 1202--1202
[]|\OT1/cmr/m/n/12 The full 52-variable OI-
 []


Underfull \hbox (badness 10000) in paragraph at lines 1211--1211
[]|\OT1/cmr/m/n/12 China-related monthly
 []


Underfull \hbox (badness 3735) in paragraph at lines 1217--1217
[]|\OT1/cmr/m/n/12 Theoretical wedge sig-na-
 []


Underfull \hbox (badness 10000) in paragraph at lines 1225--1225
[]|\OT1/cmr/m/n/12 First-stage un-cer-tainty
 []


Underfull \hbox (badness 4328) in paragraph at lines 1225--1225
\OT1/cmr/m/n/12 fac-tors cre-ate generated-
 []

[22] [23] [24] [25] [26] (./main.bbl [27]) [28] (./main.aux)
 ***********
LaTeX2e <2025-11-01>
L3 programming layer <2026-01-19>
 ***********
 ) 
Here is how much of TeX's memory you used:
 4062 strings out of 467525
 57725 string characters out of 5418982
 490471 words of memory out of 5000000
 32940 multiletter control sequences out of 15000+600000
 636693 words of font info for 72 fonts, out of 8000000 for 9000
 1141 hyphenation exceptions out of 8191
 57i,10n,65p,262b,232s stack positions out of 10000i,1000n,20000p,200000b,200000s
</usr/local/texlive/2026/texmf-dist/fonts/type1/public/amsfonts/cm/cmbx12.pfb
></usr/local/texlive/2026/texmf-dist/fonts/type1/public/amsfonts/cm/cmex10.pfb>
</usr/local/texlive/2026/texmf-dist/fonts/type1/public/amsfonts/cm/cmmi12.pfb><
/usr/local/texlive/2026/texmf-dist/fonts/type1/public/amsfonts/cm/cmmi6.pfb></u
sr/local/texlive/2026/texmf-dist/fonts/type1/public/amsfonts/cm/cmmi8.pfb></usr
/local/texlive/2026/texmf-dist/fonts/type1/public/amsfonts/cm/cmmib10.pfb></usr
/local/texlive/2026/texmf-dist/fonts/type1/public/amsfonts/cm/cmr12.pfb></usr/l
ocal/texlive/2026/texmf-dist/fonts/type1/public/amsfonts/cm/cmr6.pfb></usr/loca
l/texlive/2026/texmf-dist/fonts/type1/public/amsfonts/cm/cmr8.pfb></usr/local/t
exlive/2026/texmf-dist/fonts/type1/public/amsfonts/cm/cmsy10.pfb></usr/local/te
xlive/2026/texmf-dist/fonts/type1/public/amsfonts/cm/cmsy8.pfb></usr/local/texl
ive/2026/texmf-dist/fonts/type1/public/amsfonts/cm/cmti12.pfb></usr/local/texli
ve/2026/texmf-dist/fonts/type1/public/amsfonts/symbols/msbm10.pfb>
Output written on main.pdf (28 pages, 247946 bytes).
PDF statistics:
 160 PDF objects out of 1000 (max. 8388607)
 102 compressed objects within 2 object streams
 0 named destinations out of 1000 (max. 500000)
 1 words of extra memory for PDF output out of 10000 (max. 10000000)

