\BOOKMARK [1][-]{section.2}{\376\377\000P\000u\000r\000p\000o\000s\000e\000\040\000a\000n\000d\000\040\000M\000a\000i\000n\000\040\000R\000e\000s\000u\000l\000t\000s}{}% 1
\BOOKMARK [1][-]{section.8}{\376\377\000N\000o\000t\000a\000t\000i\000o\000n\000\040\000a\000n\000d\000\040\000N\000o\000r\000m\000a\000l\000i\000z\000a\000t\000i\000o\000n}{}% 2
\BOOKMARK [1][-]{section.10}{\376\377\000G\000e\000n\000e\000r\000i\000c\000\040\000B\000C\000A\000\040\000W\000e\000d\000g\000e\000\040\000P\000r\000o\000j\000e\000c\000t\000i\000o\000n}{}% 3
\BOOKMARK [2][-]{subsection.11}{\376\377\000B\000C\000A\000\040\000P\000r\000o\000t\000o\000t\000y\000p\000e\000\040\000E\000u\000l\000e\000r\000\040\000E\000q\000u\000a\000t\000i\000o\000n}{section.10}% 4
\BOOKMARK [2][-]{subsection.18}{\376\377\000C\000l\000o\000s\000e\000d\000-\000F\000o\000r\000m\000\040\000P\000r\000o\000j\000e\000c\000t\000i\000o\000n}{section.10}% 5
\BOOKMARK [1][-]{section.26}{\376\377\000F\000V\000G\000Q\000\040\000C\000l\000o\000s\000e\000d\000\040\000F\000o\000r\000m\000\040\000f\000o\000r\000\040\000P\000h\000i\000\050\000O\000m\000e\000g\000a\000\051}{}% 6
\BOOKMARK [2][-]{subsection.27}{\376\377\000E\000n\000t\000r\000e\000p\000r\000e\000n\000e\000u\000r\000\040\000E\000u\000l\000e\000r\000\040\000E\000q\000u\000a\000t\000i\000o\000n}{section.26}% 7
\BOOKMARK [2][-]{subsection.34}{\376\377\000R\000i\000s\000k\000-\000C\000o\000r\000r\000e\000c\000t\000i\000o\000n\000\040\000D\000e\000c\000o\000m\000p\000o\000s\000i\000t\000i\000o\000n}{section.26}% 8
\BOOKMARK [2][-]{subsection.43}{\376\377\000M\000a\000p\000p\000i\000n\000g\000\040\000t\000o\000\040\000k\000a\000p\000p\000a\000\040\000x}{section.26}% 9
\BOOKMARK [1][-]{section.54}{\376\377\000T\000w\000o\000-\000A\000g\000e\000n\000t\000\040\000R\000i\000s\000k\000-\000S\000h\000a\000r\000i\000n\000g\000\040\000W\000e\000d\000g\000e}{}% 10
\BOOKMARK [2][-]{subsection.55}{\376\377\000A\000g\000g\000r\000e\000g\000a\000t\000i\000o\000n\000\040\000I\000d\000e\000n\000t\000i\000t\000y}{section.54}% 11
\BOOKMARK [2][-]{subsection.59}{\376\377\000P\000r\000o\000j\000e\000c\000t\000i\000o\000n\000\040\000C\000o\000n\000t\000r\000i\000b\000u\000t\000i\000o\000n}{section.54}% 12
\BOOKMARK [2][-]{subsection.64}{\376\377\000L\000i\000n\000e\000a\000r\000\040\000P\000o\000l\000i\000c\000y\000-\000F\000u\000n\000c\000t\000i\000o\000n\000\040\000I\000n\000t\000e\000r\000p\000r\000e\000t\000a\000t\000i\000o\000n}{section.54}% 13
\BOOKMARK [1][-]{section.71}{\376\377\000W\000o\000r\000k\000i\000n\000g\000-\000C\000a\000p\000i\000t\000a\000l\000\040\000C\000o\000u\000n\000t\000e\000r\000-\000H\000y\000p\000o\000t\000h\000e\000s\000i\000s}{}% 14
\BOOKMARK [2][-]{subsection.72}{\376\377\000E\000x\000a\000c\000t\000\040\000L\000a\000b\000o\000r\000-\000W\000e\000d\000g\000e\000\040\000P\000r\000o\000j\000e\000c\000t\000i\000o\000n}{section.71}% 15
\BOOKMARK [2][-]{subsection.85}{\376\377\000E\000c\000o\000n\000o\000m\000i\000c\000\040\000C\000o\000n\000t\000e\000n\000t}{section.71}% 16
\BOOKMARK [1][-]{section.86}{\376\377\000U\000n\000i\000f\000i\000e\000d\000\040\000S\000i\000g\000n\000\040\000I\000d\000e\000n\000t\000i\000f\000i\000c\000a\000t\000i\000o\000n}{}% 17
\BOOKMARK [1][-]{section.88}{\376\377\000N\000u\000m\000e\000r\000i\000c\000a\000l\000\040\000V\000a\000l\000i\000d\000a\000t\000i\000o\000n\000\040\000f\000r\000o\000m\000\040\000t\000h\000e\000\040\000F\000V\000G\000Q\000\040\000W\000o\000r\000k\000s\000p\000a\000c\000e}{}% 18
\BOOKMARK [2][-]{subsection.89}{\376\377\000E\000x\000t\000r\000a\000c\000t\000e\000d\000\040\000C\000o\000e\000f\000f\000i\000c\000i\000e\000n\000t\000s}{section.88}% 19
\BOOKMARK [2][-]{subsection.90}{\376\377\000C\000a\000n\000o\000n\000i\000c\000a\000l\000\040\000C\000a\000l\000i\000b\000r\000a\000t\000i\000o\000n\000\040\000U\000s\000e\000d\000\040\000i\000n\000\040\000t\000h\000e\000\040\000V\000a\000l\000i\000d\000a\000t\000i\000o\000n}{section.88}% 20
\BOOKMARK [2][-]{subsection.91}{\376\377\000P\000r\000e\000d\000i\000c\000t\000e\000d\000\040\000k\000a\000p\000p\000a\000\040\000a\000n\000d\000\040\000L\000P\000\040\000C\000o\000m\000p\000a\000r\000i\000s\000o\000n}{section.88}% 21
\BOOKMARK [1][-]{section.95}{\376\377\000R\000e\000s\000e\000a\000r\000c\000h\000\040\000I\000m\000p\000l\000i\000c\000a\000t\000i\000o\000n\000s\000\040\000a\000n\000d\000\040\000N\000e\000x\000t\000\040\000S\000t\000e\000p\000s}{}% 22
\BOOKMARK [1][-]{appendix.101}{\376\377\000A\000l\000g\000e\000b\000r\000a\000i\000c\000\040\000D\000e\000t\000a\000i\000l\000s}{}% 23
\BOOKMARK [2][-]{subsection.102}{\376\377\000F\000o\000r\000w\000a\000r\000d\000\040\000S\000o\000l\000u\000t\000i\000o\000n\000\040\000o\000f\000\040\000t\000h\000e\000\040\000P\000r\000o\000j\000e\000c\000t\000i\000o\000n\000\040\000E\000q\000u\000a\000t\000i\000o\000n}{appendix.101}% 24
\BOOKMARK [2][-]{subsection.103}{\376\377\000W\000o\000r\000k\000i\000n\000g\000-\000C\000a\000p\000i\000t\000a\000l\000\040\000L\000a\000b\000o\000r\000\040\000W\000e\000d\000g\000e}{appendix.101}% 25
\BOOKMARK [2][-]{subsection.104}{\376\377\000T\000w\000o\000-\000A\000g\000e\000n\000t\000\040\000C\000o\000n\000s\000u\000m\000p\000t\000i\000o\000n\000\040\000A\000g\000g\000r\000e\000g\000a\000t\000i\000o\000n}{appendix.101}% 26
